<?xml version="1.0" encoding="UTF-8"?>
<!-- Generated by org.testng.reporters.JUnitReportReporter -->
<testsuite skipped="0" hostname="HDC1-D-C7JRXJ2" name="actionDemos.CheckBox" tests="1" failures="0" timestamp="11 Feb 2019 11:49:40 GMT" time="16.368" errors="0">
  <testcase name="CBf" time="16.368" classname="actionDemos.CheckBox"/>
</testsuite> <!-- actionDemos.CheckBox -->
