<?xml version="1.0" encoding="UTF-8"?>
<!-- Generated by org.testng.reporters.JUnitReportReporter -->
<testsuite skipped="0" hostname="HDC1-D-C7JRXJ2" name="actionDemos.DragDrop" tests="1" failures="0" timestamp="11 Feb 2019 09:24:42 GMT" time="17.134" errors="0">
  <testcase name="Dradro" time="17.134" classname="actionDemos.DragDrop"/>
</testsuite> <!-- actionDemos.DragDrop -->
