<?xml version="1.0" encoding="UTF-8"?>
<!-- Generated by org.testng.reporters.JUnitReportReporter -->
<testsuite skipped="0" hostname="HDC1-D-C7JRXJ2" name="actionDemos.DoubleClick" tests="1" failures="0" timestamp="11 Feb 2019 09:01:57 GMT" time="17.855" errors="0">
  <testcase name="Dc" time="17.855" classname="actionDemos.DoubleClick"/>
</testsuite> <!-- actionDemos.DoubleClick -->
