<?xml version="1.0" encoding="UTF-8"?>
<!-- Generated by org.testng.reporters.JUnitReportReporter -->
<testsuite skipped="0" hostname="HDC1-D-C7JRXJ2" name="actionDemos.MouseDemo1" tests="1" failures="0" timestamp="11 Feb 2019 06:09:49 GMT" time="76.941" errors="0">
  <testcase name="login" time="76.941" classname="actionDemos.MouseDemo1"/>
</testsuite> <!-- actionDemos.MouseDemo1 -->
