<?xml version="1.0" encoding="UTF-8"?>
<!-- Generated by org.testng.reporters.JUnitReportReporter -->
<testsuite skipped="0" hostname="HDC1-D-C7JRXJ2" name="actionDemos.JscriptExe" tests="1" failures="0" timestamp="11 Feb 2019 11:44:18 GMT" time="62.926" errors="0">
  <testcase name="f" time="62.926" classname="actionDemos.JscriptExe"/>
</testsuite> <!-- actionDemos.JscriptExe -->
