<?xml version="1.0" encoding="UTF-8"?>
<!-- Generated by org.testng.reporters.JUnitReportReporter -->
<testsuite skipped="0" hostname="HDC1-D-C7JRXJ2" name="actionDemos.Scrollaction" tests="1" failures="0" timestamp="11 Feb 2019 11:59:36 GMT" time="12.720" errors="0">
  <testcase name="f" time="12.720" classname="actionDemos.Scrollaction"/>
</testsuite> <!-- actionDemos.Scrollaction -->
