<?xml version="1.0" encoding="UTF-8"?>
<!-- Generated by org.testng.reporters.JUnitReportReporter -->
<testsuite skipped="0" hostname="HDC1-D-C7JRXJ2" name="actionDemos.KeysUpDown" tests="1" failures="0" timestamp="11 Feb 2019 09:50:21 GMT" time="12.472" errors="0">
  <testcase name="Keysud" time="12.472" classname="actionDemos.KeysUpDown"/>
</testsuite> <!-- actionDemos.KeysUpDown -->
