<?xml version="1.0" encoding="UTF-8"?>
<!-- Generated by org.testng.reporters.JUnitReportReporter -->
<testsuite skipped="0" hostname="HDC1-D-C7JRXJ2" name="actionDemos.Uppercase" tests="1" failures="0" timestamp="11 Feb 2019 10:33:25 GMT" time="12.184" errors="0">
  <testcase name="f" time="12.184" classname="actionDemos.Uppercase"/>
</testsuite> <!-- actionDemos.Uppercase -->
