<?xml version="1.0" encoding="UTF-8"?>
<!-- Generated by org.testng.reporters.JUnitReportReporter -->
<testsuite skipped="0" hostname="HDC1-D-C7JRXJ2" name="actionDemos.Roboclass" tests="1" failures="0" timestamp="12 Feb 2019 04:12:51 GMT" time="28.465" errors="0">
  <testcase name="RClass" time="28.465" classname="actionDemos.Roboclass"/>
</testsuite> <!-- actionDemos.Roboclass -->
