<?xml version="1.0" encoding="UTF-8"?>
<!-- Generated by org.testng.reporters.JUnitReportReporter -->
<testsuite skipped="0" hostname="HDC1-D-C7JRXJ2" name="actionDemos.UploadFile" tests="1" failures="0" timestamp="12 Feb 2019 04:42:32 GMT" time="132.415" errors="0">
  <testcase name="Ufile" time="132.415" classname="actionDemos.UploadFile"/>
</testsuite> <!-- actionDemos.UploadFile -->
