<?xml version="1.0" encoding="UTF-8"?>
<!-- Generated by org.testng.reporters.JUnitReportReporter -->
<testsuite skipped="0" hostname="HDC1-D-C7JRXJ2" name="actionDemos.ScreenShot" tests="1" failures="0" timestamp="11 Feb 2019 09:44:35 GMT" time="11.615" errors="0">
  <testcase name="ScreenS" time="11.615" classname="actionDemos.ScreenShot"/>
</testsuite> <!-- actionDemos.ScreenShot -->
