<?xml version="1.0" encoding="UTF-8"?>
<!-- Generated by org.testng.reporters.JUnitReportReporter -->
<testsuite skipped="0" hostname="HDC1-D-C7JRXJ2" name="actionDemos.MoouseHover" tests="1" failures="0" timestamp="11 Feb 2019 10:16:50 GMT" time="56.373" errors="0">
  <testcase name="Mhover" time="56.373" classname="actionDemos.MoouseHover"/>
</testsuite> <!-- actionDemos.MoouseHover -->
